[0325/132237.557:ERROR:file_io_win.cc(179)] CreateFile C:\Users\Reed\AppData\Local\Google\Chrome\User Data\Crashpad\settings.dat: Access is denied. (0x5)
[0325/132237.561:ERROR:registration_protocol_win.cc(84)] TransactNamedPipe: The pipe has been ended. (0x6D)
[0325/132237.562:ERROR:file_io_win.cc(179)] CreateFile C:\Users\Reed\AppData\Local\Google\Chrome\User Data\Crashpad\settings.dat: Access is denied. (0x5)
[0325/132318.340:ERROR:file_io_win.cc(179)] CreateFile C:\Users\Reed\AppData\Local\Google\Chrome\User Data\Crashpad\settings.dat: Access is denied. (0x5)
[0325/132318.343:ERROR:registration_protocol_win.cc(84)] TransactNamedPipe: The pipe has been ended. (0x6D)
[0325/132318.344:ERROR:file_io_win.cc(179)] CreateFile C:\Users\Reed\AppData\Local\Google\Chrome\User Data\Crashpad\settings.dat: Access is denied. (0x5)
[0325/132500.114:ERROR:file_io_win.cc(179)] CreateFile C:\Users\Reed\AppData\Local\Google\Chrome\User Data\Crashpad\settings.dat: Access is denied. (0x5)
[0325/132500.118:ERROR:registration_protocol_win.cc(84)] TransactNamedPipe: The pipe has been ended. (0x6D)
[0325/132500.119:ERROR:file_io_win.cc(179)] CreateFile C:\Users\Reed\AppData\Local\Google\Chrome\User Data\Crashpad\settings.dat: Access is denied. (0x5)
[0325/133341.061:ERROR:file_io_win.cc(179)] CreateFile C:\Users\Reed\AppData\Local\Google\Chrome\User Data\Crashpad\settings.dat: Access is denied. (0x5)
[0325/133341.065:ERROR:registration_protocol_win.cc(84)] TransactNamedPipe: The pipe has been ended. (0x6D)
[0325/133341.066:ERROR:file_io_win.cc(179)] CreateFile C:\Users\Reed\AppData\Local\Google\Chrome\User Data\Crashpad\settings.dat: Access is denied. (0x5)
[0325/133617.997:ERROR:file_io_win.cc(179)] CreateFile C:\Users\Reed\AppData\Local\Google\Chrome\User Data\Crashpad\settings.dat: Access is denied. (0x5)
[0325/133618.000:ERROR:registration_protocol_win.cc(84)] TransactNamedPipe: The pipe has been ended. (0x6D)
[0325/133618.001:ERROR:file_io_win.cc(179)] CreateFile C:\Users\Reed\AppData\Local\Google\Chrome\User Data\Crashpad\settings.dat: Access is denied. (0x5)
[0325/133625.786:ERROR:file_io_win.cc(179)] CreateFile C:\Users\Reed\AppData\Local\Google\Chrome\User Data\Crashpad\settings.dat: Access is denied. (0x5)
[0325/133625.790:ERROR:registration_protocol_win.cc(84)] TransactNamedPipe: The pipe has been ended. (0x6D)
[0325/133625.791:ERROR:file_io_win.cc(179)] CreateFile C:\Users\Reed\AppData\Local\Google\Chrome\User Data\Crashpad\settings.dat: Access is denied. (0x5)
[0325/133738.163:ERROR:file_io_win.cc(179)] CreateFile C:\Users\Reed\AppData\Local\Google\Chrome\User Data\Crashpad\settings.dat: Access is denied. (0x5)
[0325/133738.167:ERROR:registration_protocol_win.cc(84)] TransactNamedPipe: The pipe has been ended. (0x6D)
[0325/133738.168:ERROR:file_io_win.cc(179)] CreateFile C:\Users\Reed\AppData\Local\Google\Chrome\User Data\Crashpad\settings.dat: Access is denied. (0x5)
[0325/133746.186:ERROR:file_io_win.cc(179)] CreateFile C:\Users\Reed\AppData\Local\Google\Chrome\User Data\Crashpad\settings.dat: Access is denied. (0x5)
[0325/133746.190:ERROR:registration_protocol_win.cc(84)] TransactNamedPipe: The pipe has been ended. (0x6D)
[0325/133746.191:ERROR:file_io_win.cc(179)] CreateFile C:\Users\Reed\AppData\Local\Google\Chrome\User Data\Crashpad\settings.dat: Access is denied. (0x5)
[0325/135124.244:ERROR:file_io_win.cc(179)] CreateFile C:\Users\Reed\AppData\Local\Google\Chrome\User Data\Crashpad\settings.dat: Access is denied. (0x5)
[0325/135124.248:ERROR:registration_protocol_win.cc(84)] TransactNamedPipe: The pipe has been ended. (0x6D)
[0325/135124.249:ERROR:file_io_win.cc(179)] CreateFile C:\Users\Reed\AppData\Local\Google\Chrome\User Data\Crashpad\settings.dat: Access is denied. (0x5)
[0325/135203.097:ERROR:file_io_win.cc(179)] CreateFile C:\Users\Reed\AppData\Local\Google\Chrome\User Data\Crashpad\settings.dat: Access is denied. (0x5)
[0325/135203.101:ERROR:registration_protocol_win.cc(84)] TransactNamedPipe: The pipe has been ended. (0x6D)
[0325/135203.102:ERROR:file_io_win.cc(179)] CreateFile C:\Users\Reed\AppData\Local\Google\Chrome\User Data\Crashpad\settings.dat: Access is denied. (0x5)
[0325/135624.598:ERROR:file_io_win.cc(179)] CreateFile C:\Users\Reed\AppData\Local\Google\Chrome\User Data\Crashpad\settings.dat: Access is denied. (0x5)
[0325/135624.602:ERROR:registration_protocol_win.cc(84)] TransactNamedPipe: The pipe has been ended. (0x6D)
[0325/135624.603:ERROR:file_io_win.cc(179)] CreateFile C:\Users\Reed\AppData\Local\Google\Chrome\User Data\Crashpad\settings.dat: Access is denied. (0x5)
[0325/140114.290:ERROR:file_io_win.cc(179)] CreateFile C:\Users\Reed\AppData\Local\Google\Chrome\User Data\Crashpad\settings.dat: Access is denied. (0x5)
[0325/140114.293:ERROR:registration_protocol_win.cc(84)] TransactNamedPipe: The pipe has been ended. (0x6D)
[0325/140114.295:ERROR:file_io_win.cc(179)] CreateFile C:\Users\Reed\AppData\Local\Google\Chrome\User Data\Crashpad\settings.dat: Access is denied. (0x5)
[0325/142019.942:ERROR:file_io_win.cc(179)] CreateFile C:\Users\Reed\AppData\Local\Google\Chrome\User Data\Crashpad\settings.dat: Access is denied. (0x5)
[0325/142019.945:ERROR:registration_protocol_win.cc(84)] TransactNamedPipe: The pipe has been ended. (0x6D)
[0325/142019.946:ERROR:file_io_win.cc(179)] CreateFile C:\Users\Reed\AppData\Local\Google\Chrome\User Data\Crashpad\settings.dat: Access is denied. (0x5)
[0325/202731.642:ERROR:file_io_win.cc(179)] CreateFile C:\Users\Reed\AppData\Local\Google\Chrome\User Data\Crashpad\settings.dat: Access is denied. (0x5)
[0325/202731.646:ERROR:registration_protocol_win.cc(84)] TransactNamedPipe: The pipe has been ended. (0x6D)
[0325/202731.647:ERROR:file_io_win.cc(179)] CreateFile C:\Users\Reed\AppData\Local\Google\Chrome\User Data\Crashpad\settings.dat: Access is denied. (0x5)
[0325/204802.089:ERROR:file_io_win.cc(179)] CreateFile C:\Users\Reed\AppData\Local\Google\Chrome\User Data\Crashpad\settings.dat: Access is denied. (0x5)
[0325/204802.093:ERROR:registration_protocol_win.cc(84)] TransactNamedPipe: The pipe has been ended. (0x6D)
[0325/204802.094:ERROR:file_io_win.cc(179)] CreateFile C:\Users\Reed\AppData\Local\Google\Chrome\User Data\Crashpad\settings.dat: Access is denied. (0x5)
<<<<<<< HEAD
[0325/223752.040:ERROR:file_io_win.cc(179)] CreateFile C:\Users\Reed\AppData\Local\Google\Chrome\User Data\Crashpad\settings.dat: Access is denied. (0x5)
[0325/223752.043:ERROR:registration_protocol_win.cc(84)] TransactNamedPipe: The pipe has been ended. (0x6D)
[0325/223752.044:ERROR:file_io_win.cc(179)] CreateFile C:\Users\Reed\AppData\Local\Google\Chrome\User Data\Crashpad\settings.dat: Access is denied. (0x5)
[0326/182138.825:ERROR:file_io_win.cc(179)] CreateFile C:\Users\Reed\AppData\Local\Google\Chrome\User Data\Crashpad\settings.dat: Access is denied. (0x5)
[0326/182138.829:ERROR:registration_protocol_win.cc(84)] TransactNamedPipe: The pipe has been ended. (0x6D)
[0326/182138.830:ERROR:file_io_win.cc(179)] CreateFile C:\Users\Reed\AppData\Local\Google\Chrome\User Data\Crashpad\settings.dat: Access is denied. (0x5)
=======
>>>>>>> 891ef2812a2dba5901f421c5ccbb3e7d8b7687bf
[0329/115336.702:ERROR:file_io_win.cc(179)] CreateFile C:\Users\Reed\AppData\Local\Google\Chrome\User Data\Crashpad\settings.dat: Access is denied. (0x5)
[0329/115336.706:ERROR:registration_protocol_win.cc(84)] TransactNamedPipe: The pipe has been ended. (0x6D)
[0329/115336.706:ERROR:file_io_win.cc(179)] CreateFile C:\Users\Reed\AppData\Local\Google\Chrome\User Data\Crashpad\settings.dat: Access is denied. (0x5)
[0329/115515.603:ERROR:file_io_win.cc(179)] CreateFile C:\Users\Reed\AppData\Local\Google\Chrome\User Data\Crashpad\settings.dat: Access is denied. (0x5)
[0329/115515.606:ERROR:registration_protocol_win.cc(84)] TransactNamedPipe: The pipe has been ended. (0x6D)
[0329/115515.608:ERROR:file_io_win.cc(179)] CreateFile C:\Users\Reed\AppData\Local\Google\Chrome\User Data\Crashpad\settings.dat: Access is denied. (0x5)
[0330/184253.130:ERROR:file_io_win.cc(179)] CreateFile C:\Users\Reed\AppData\Local\Google\Chrome\User Data\Crashpad\settings.dat: Access is denied. (0x5)
[0330/184253.134:ERROR:registration_protocol_win.cc(84)] TransactNamedPipe: The pipe has been ended. (0x6D)
[0330/184253.135:ERROR:file_io_win.cc(179)] CreateFile C:\Users\Reed\AppData\Local\Google\Chrome\User Data\Crashpad\settings.dat: Access is denied. (0x5)
[0330/184415.004:ERROR:file_io_win.cc(179)] CreateFile C:\Users\Reed\AppData\Local\Google\Chrome\User Data\Crashpad\settings.dat: Access is denied. (0x5)
[0330/184415.007:ERROR:registration_protocol_win.cc(84)] TransactNamedPipe: The pipe has been ended. (0x6D)
[0330/184415.008:ERROR:file_io_win.cc(179)] CreateFile C:\Users\Reed\AppData\Local\Google\Chrome\User Data\Crashpad\settings.dat: Access is denied. (0x5)
[0330/184532.784:ERROR:file_io_win.cc(179)] CreateFile C:\Users\Reed\AppData\Local\Google\Chrome\User Data\Crashpad\settings.dat: Access is denied. (0x5)
[0330/184532.788:ERROR:registration_protocol_win.cc(84)] TransactNamedPipe: The pipe has been ended. (0x6D)
[0330/184532.789:ERROR:file_io_win.cc(179)] CreateFile C:\Users\Reed\AppData\Local\Google\Chrome\User Data\Crashpad\settings.dat: Access is denied. (0x5)
[0330/185012.579:ERROR:file_io_win.cc(179)] CreateFile C:\Users\Reed\AppData\Local\Google\Chrome\User Data\Crashpad\settings.dat: Access is denied. (0x5)
[0330/185012.582:ERROR:registration_protocol_win.cc(84)] TransactNamedPipe: The pipe has been ended. (0x6D)
[0330/185012.583:ERROR:file_io_win.cc(179)] CreateFile C:\Users\Reed\AppData\Local\Google\Chrome\User Data\Crashpad\settings.dat: Access is denied. (0x5)
